DEBUG [2020-03-29 04:16:26] |IM HERE 2|
DEBUG [2020-03-29 04:16:26] |FIND TEMP DATA|
DEBUG [2020-03-29 04:16:43] |IM HERE 2|
DEBUG [2020-03-29 04:16:43] |IM HERE 3|
DEBUG [2020-03-29 04:16:43] |FIND TEMP DATA|
DEBUG [2020-03-29 04:19:11] |IM HERE 1|
DEBUG [2020-03-29 04:19:23] |IM HERE 1|
DEBUG [2020-03-29 04:19:23] |IM HERE 2|
DEBUG [2020-03-29 04:19:23] |IM HERE 3|
DEBUG [2020-03-29 04:19:23] |FIND TEMP DATA|
DEBUG [2020-03-29 04:19:23] |BEFORE FOR LOOP|
DEBUG [2020-03-29 04:19:30] |RETURN|
DEBUG [2020-03-29 04:20:20] |IM HERE 1|
DEBUG [2020-03-29 04:20:20] |IM HERE 2|
DEBUG [2020-03-29 04:20:20] |IM HERE 3|
DEBUG [2020-03-29 04:20:20] |FIND TEMP DATA|
DEBUG [2020-03-29 04:20:20] |BEFORE FOR LOOP|
DEBUG [2020-03-29 04:20:25] |RETURN|
DEBUG [2020-03-29 04:24:44] |IM HERE 1|
DEBUG [2020-03-29 04:24:44] |IM HERE 2|
DEBUG [2020-03-29 04:24:44] |IM HERE 3|
DEBUG [2020-03-29 04:24:44] |FIND TEMP DATA|
DEBUG [2020-03-29 04:24:44] |BEFORE FOR LOOP|
DEBUG [2020-03-29 04:24:49] |RETURN|
DEBUG [2020-03-29 04:28:59] |IM HERE 2|
DEBUG [2020-03-29 04:28:59] |IM HERE 3|
DEBUG [2020-03-29 04:28:59] |FIND TEMP DATA|
DEBUG [2020-03-29 04:29:43] |IM HERE 2|
DEBUG [2020-03-29 04:29:43] |IM HERE 3|
DEBUG [2020-03-29 04:29:43] |FIND TEMP DATA|
DEBUG [2020-03-29 04:37:52] |IM HERE 1|
DEBUG [2020-03-29 04:37:52] |IM HERE 2|
DEBUG [2020-03-29 04:38:26] |IM HERE 1|
DEBUG [2020-03-29 04:38:26] |IM HERE 2|
DEBUG [2020-03-29 04:39:05] |IM HERE 1|
DEBUG [2020-03-29 04:39:05] |IM HERE 2|
DEBUG [2020-03-29 04:39:05] |FIND TEMP DATA|
DEBUG [2020-03-29 04:39:05] |BEFORE FOR LOOP|
DEBUG [2020-03-29 04:39:09] |RETURN|
DEBUG [2020-03-29 13:41:48] |IM HERE 1|
DEBUG [2020-03-29 13:41:48] |IM HERE 2|
DEBUG [2020-03-29 13:41:48] |FIND TEMP DATA|
DEBUG [2020-03-29 13:41:48] |BEFORE FOR LOOP|
DEBUG [2020-03-29 13:41:53] |RETURN|
DEBUG [2020-03-29 13:42:39] |IM HERE 1|
DEBUG [2020-03-29 13:42:39] |IM HERE 2|
DEBUG [2020-03-29 13:42:39] |FIND TEMP DATA|
DEBUG [2020-03-29 13:42:39] |BEFORE FOR LOOP|
DEBUG [2020-03-29 13:42:41] |RETURN|
DEBUG [2020-03-29 13:55:52] c(26, 85, 151, 303, 183, 293, 124, 54, 275, 77, 122, 21, 294, 319, 232, 132, 13, 281, 241, 184, 200, 176, 41, 177, 251, 164, 113, 102, 88, 210, 125, 103, 89, 90, 91, 66, 7, 10, 331, 114, 269, 216, 316, 258, 332, 195, 92, 139, 304, 4, 80, 320, 228, 104, 140, 40, 36, 178, 321, 42, 190, 141, 49, 52, 322, 305, 93, 296, 247, 252, 207, 218, 105, 297, 126, 8, 142, 94, 323, 37, 192, 134, 205, 67, 127, 68, 53, 69, 70, 71, 22, 50, 135, 298, 324, 270, 211, 196, 185, 115, 48, 333, 226, 330, 35, 136, 187, 306, 
245, 95, 242, 72, 213, 174, 188, 143, 289, 73, 96, 219, 166, 110, 43, 220, 38, 137, 144, 208, 167, 156, 79, 290, 288, 272, 168, 284, 279, 265, 111, 11, 201, 253, 249, 117, 97, 84, 197, 224, 14, 118, 299, 260, 317, 145, 146, 221, 230, 101, 336, 310, 266, 255, 74, 276, 225, 198, 112, 231, 160, 312, 147, 138, 175, 31, 246, 202, 179, 161, 119, 325, 5, 23, 15, 32, 291, 9, 24, 203, 148, 300, 235, 277, 107, 313, 100, 301, 12, 214, 292, 158, 267, 1, 83, 108, 209, 129, 18, 222, 181, 327, 261, 328, 329, 109, 
16, 217, 318, 302, 152, 314, 264, 20, 17, 193, 257, 199, 244, 75, 311, 172, 27, 120, 45, 2, 282, 236, 337, 39, 159, 171, 215, 237, 130, 170, 25, 238, 240, 240, 315, 149, 76)c(1, 4, 6, 11, 7, 10, 5, 1, 9, 4, 5, 1, 10, 13, 8, 5, 1, 9, 8, 7, 8, 7, 1, 7, 9, 6, 5, 5, 4, 8, 5, 5, 4, 4, 4, 3, 1, 1, 13, 5, 9, 8, 12, 9, 13, 7, 4, 5, 11, 1, 4, 13, 8, 5, 6, 1, 1, 7, 13, 1, 7, 6, 1, 1, 13, 11, 4, 10, 9, 9, 8, 8, 5, 10, 5, 1, 6, 4, 13, 1, 7, 5, 8, 3, 5, 3, 1, 3, 3, 3, 1, 1, 5, 10, 13, 9, 8, 7, 7, 5, 1, 13, 8, 13, 1, 5, 7, 11, 8, 4, 8, 3, 8, 6, 7, 6, 9, 3, 4, 8, 6, 5, 1, 8, 1, 5, 6, 8, 6, 6, 4, 9, 9, 9, 6, 9, 9, 9, 5, 1, 8, 9, 9, 5, 4, 4, 7, 8, 1, 5, 10, 9, 12, 6, 6, 8, 8, 3, 13, 
11, 9, 9, 3, 9, 8, 7, 5, 8, 6, 11, 6, 5, 6, 1, 8, 8, 7, 6, 5, 13, 1, 1, 1, 1, 9, 1, 1, 8, 6, 10, 8, 9, 5, 11, 3, 10, 1, 8, 9, 6, 9, 1, 4, 5, 8, 5, 1, 8, 7, 13, 9, 13, 13, 5, 1, 8, 12, 10, 6, 11, 9, 1, 1, 7, 9, 7, 8, 3, 11, 6, 1, 5, 1, 1, 9, 8, 13, 1, 6, 6, 8, 8, 5, 6, 1, 8, 10, 8, 11, 6, 3)c(11.1931276605274, -17.483406624177, 5.02888591729789, 7.40886937308052, 1.51089444993903, 3.91567226779217, 3.17710757358976, 1.43275063014869, 3.13585448637332, -11.5545930553509, 2.98548993764706, 2.16935052572663, 4.36304118006559, 4.99592693342504, 4.57139290535719, 2.93837505843977, 8.77581688918667, 2.06418251048669, 8.17524039252234, -0.175751080921409, -4.05495158427617, 1.87757793737043, 5.03010946962568, 2.00066809106179, 5.83247101285186, 1.47335083109735, 4.70554086385964, 3.23115818981218, 
-13.2216513261517, 2.03996160572844, 2.52284943696605, 2.74190456139096, -8.78725315956696, -10.9508153448976, -12.4313151041667, -12.1009534923436, 9.46267702290803, 8.91304441263086, -0.54032975240156, 4.76941864305674, 2.75809701035316, 1.9217049033417, 6.03311175235287, 6.04440083036761, -4.46315112153832, -6.09850916174378, -13.272830527864, 2.94803424586699, 6.50012506849393, 10.15290018514, -11.1270807543782, 5.46354150945297, 7.6759809205231, 1.68529449988758, 0.999551067931673, 6.31638524511188, 
8.70517901501224, 2.93744881532023, 3.18968514475372, 7.43089524290917, 1.62855200661388, 2.26509808003174, 2.59990334953956, -0.15197944755338, 4.11783136490275, 5.90100303589111, -12.9949600454306, 4.89982640388898, 4.70382964543159, 6.96926609957798, 2.16581282237043, 2.20078803525219, 2.98542266300548, 3.96157924826317, 2.94362691912208, 9.78422165880439, 4.13201369783581, -18.8862649602282, 3.34795989095177, 8.06909574447203, 1.44722930491904, -1.33395576877478, 3.25688980946821, -5.80053952474966, 
1.59156799865259, -6.91960291826322, -0.020983078858318, -6.06016041354291, -2.75249065246503, -1.4756995838207, 3.90026379632949, 2.86063334700349, -0.481721321360411, 6.22882374649021, 5.09411478377237, 3.32013029054383, 1.13633852832149, -3.53555453035169, 2.18946668656675, 4.42422404102191, 5.46275889278382, -0.308242119816131, 6.11180959095225, 4.97780461592001, 8.16396010473478, 2.62886586926056, 2.89629479249456, 7.56276122266752, 4.88748314323633, -14.0976578688488, 8.18699596774193, -1.60443226639516, 
0.43792917930462, 1.26884459378017, 3.23280757706256, 2.42451645794559, -8.1412963200822, -7.91745820468726, -9.95312219228416, 0.461912078062198, -2.07489367655079, 5.1015130881248, 9.66489437515907, 1.31907081721854, 7.97671077308134, -0.208417992202275, 2.42207353133072, 3.27854267072348, -2.3889773037698, 3.23007160476052, -10.5171700542791, -5.0728073395289, -2.70431041833401, 3.97114968044303, 1.00681805113251, 0.496702240864525, 3.41401265566782, 1.52636828083403, 2.63598580727577, 8.05737962972679, 
-1.43451304711077, 4.67766183418211, 6.4882352076546, 6.25610963990694, -11.2878377079127, -10.7759623275749, -2.96025556208391, 5.19008178547591, 9.42364335283713, 6.73227627444166, 6.12889650306016, 4.84872357761123, 6.21328364305719, 3.87571130225604, 2.30868495998882, -0.185139826218604, 7.66943710047403, -17.0445874938485, -3.02278213084212, 6.56991441787451, 0.201969670211002, 5.46072924300749, -5.24689725240131, 0.702584668902325, 4.65169336016735, -1.34133678278146, 3.51636174740068, 7.13577414764634, 
3.72199848664315, 6.62957977410706, 1.28665335778833, 2.08780354342729, -0.0747505531334148, 9.59692482724241, 6.10845161139324, 0.983278409726249, 3.5804292990557, 1.62830614787943, 5.46048995177627, 1.94193338009349, 8.89160785053887, 4.7866160176843, 7.7228345376974, 6.90125869991526, -6.1, 10.0239372498323, 5.84012580438117, 1.76638730555587, 3.42993484227624, 6.34342407602574, 8.97738952362898, 2.9556440866913, 2.37942433024346, 8.2831954502041, -12.9720145871612, 5.48269329235773, 8.59783687019945, 
5.01989510969745, -6.28577493839893, 2.03041110482381, 0.948643022425913, 9.99305219473705, -16.0724551067407, 4.60617264815215, 2.77023829089037, 2.54225743475501, 4.72410279098842, 0.493037199149946, 2.64856262696096, 1.88869281616822, 5.14989387798052, 5.61011831650628, 5.72971243856586, 2.57015313799776, 6.47495895213532, 4.19920099116905, 6.07786750700602, 6.02582371309334, 4.3015416108691, 6.49208587145828, 2.99570680538898, 4.29078943115234, 7.02776671215591, 0.567267513963193, 4.32703929535296, 
-2.07100880951955, 9.59952024011223, -10.3843661971831, 6.62269076033942, -2.21227756481172, 10.714006196209, 5.97319701159727, 6.73788453734206, 10.2649731345912, 3.09855455932145, 9.44733238799673, -3.99574884034381, 9.07456535232381, 2.49940511927431, 1.19042404495898, 2.45711931253189, 9.0881080236925, 3.30295906348732, -1.18343731879487, 5.053775647307, 10.0117486418908, 7.27652254635557, 7.27652254635557, 7.81813103129116, 3.58710806818303, -3.56990397159692)c(-0.00219656736248552, 0.0251097564421702, -0.0180553478374344, -0.00328810603723463, 0.00997461438447743, 0.00682571312065727, -0.0653676313552911, -0.0134231241609959, 0.00199681704930399, 0.0336901036111032, -0.000237267308763972, 8.50939898536348e-05, 0.00180265742270253, -0.000523287293117056, 0.00160668134722658, -0.0147095562336524, -0.00243390521421545, -0.00373695397847446, -0.00180911134257989, 0.0336603314735182, 0.0608904144210476, 0.000845416398164908, -0.00227407659104043, 0.0312625207577909, 
-0.00401151549333359, -0.0205545323759716, -0.00413653308199357, -0.00043510651297724, -0.0405776430240624, 0.00587675558437969, -0.0127781902179934, 0.00696682499128171, 0.0137072739038655, 0.000863601793616064, 0.0386879930218447, 0.029166113229983, -0.00121939213264121, 0.00107861114107254, 0.00569474249531006, -0.00817189612724852, -0.00214810358775524, 0.00180580048096329, -0.00032662602714825, -0.00281054900712523, 0.0161606865335156, 0.000717759044179083, 0.0294475658068988, -0.0265050722282965, 
-0.00493349314350446, -4.40962943825625e-05, 0.0349681380393983, -0.000323148138502282, 0.000743951713339618, -0.00874610277117499, 0.0197927161318788, -0.00740636140578811, -0.00383038606351333, 0.023875849407805, -0.00475170378607714, 0.00109133936059002, 0.0248317004347539, -0.0156885767905989, -0.0270988895452159, -0.0147499391397516, 0.000633463618448493, 0.00166283054677481, -0.0118951040441328, 0.000802643922322314, 0.00464840360117917, -0.00738411578490972, 0.00726422181765559, 0.00703350677506451, 
-0.00745086212560748, -0.0040816984061333, -0.022712882621403, -0.000335426525879985, -0.0134790599611712, 0.0251807598787907, 0.00038141288538299, -0.0048768646315754, -0.0207297488923035, -0.0122226033180419, -0.000673437379115348, -0.00106192888095132, -0.0181856636472576, -0.0132873258838713, -0.0106515121387115, -0.0131064294579129, 0.0100966244618548, -0.00240786047630732, -0.0135142864299888, -0.0148214957197442, 0.0547146732108093, -0.00239913962904467, -0.00363205076783195, 0.00365260574158971, 
-0.0141514359737525, -0.00676076288519532, 0.00344002881989973, -0.0284724872617497, -0.00928848418827889, 0.00958928649534548, -0.00838845129646741, -0.00410154132158624, -0.0040939424795602, -0.0125194413859711, 0.00139085662946197, 0.000683339959337146, 0.00375709724283615, 0.0674175698439513, -0.00248138957816375, -0.0291390340909517, 0.00623745674659686, -0.0120716000948999, -0.00494294289432159, -0.0330475038603125, 0.0540267163316422, -0.0150831234821735, 0.0235116847578606, 0.0173966778511554, 
0.0461157622035381, -0.00371419100914991, -0.0174669833997908, 0.00778341808537092, -0.00301972388778786, 0.0173407881743592, -0.0133238632212858, 0.00468627419354411, 0.00354272901110908, 0.00285351113501475, 0.0258231809808775, 0.0122463790739792, -0.0180323517975088, 0.00357126977306907, -0.0193845718448694, 0.0112198196150548, -0.000835936073324651, -0.00197142921793129, 0.0218909055795747, -0.00043859198351605, 0.0233713618979711, 0.0124765250557681, -0.0026657175494297, -0.00206241953653994, 
0.0197096433035285, -0.00882425678240685, -0.00755953014327948, -0.0225833795919737, -0.00151840682239366, -0.0480937943840264, -0.00278842223984896, -0.00642149812635245, -0.00470680803666021, 0.0301975307771909, 0.0499986895901038, 0.0069767310580189, -0.0117072680713806, -0.00382582191672103, 0.0081354852848432, -0.00588369244849113, 0.0111340508932652, -0.00292770421296508, 0.0125516668697605, 0.00958639460899871, -0.000933219456845861, 0.0207941150176882, -0.00287996071694472, -0.00546956257760402, 
0.00416306821068282, -0.00497772244083294, 0.0126675155425487, -0.0174556923377905, 0.0335085121307605, -0.000508185793164522, 0.00159224478600488, -0.0108698833811322, 0.00771019883512486, 0.000545425562568316, -0.0122980187601273, 0.00560785615036646, -0.00151955600760631, -0.00827197717477612, -0.000794870034240082, -0.0119438040071585, NA, -0.00183426285764972, -0.0112983253867698, -0.0125545246369166, -0.0054927661539345, -0.00395164633282149, -0.00343652253401633, 0.00327255867051767, -0.0133240823995728, 
-0.00353577937907615, 0.0322382269350581, -0.000890016780305565, 0.000270878545458602, 0.00268708743576539, 0.0284584601893422, -0.00922416429694539, 0.00289031061361117, -0.000557811186686956, -0.00846296217804708, -0.0672946423221901, -0.0106858061808398, -0.0400991699902986, -0.00978303106072765, 0.00580773825626302, 0.00792648336808294, -0.00308055832929401, 0.00250966804784529, -0.00154709616020981, -0.00240218196522947, 0.0380010682294735, -0.00206465497945467, -0.00106416581864905, -0.00240844525732841, 
0.00103038033598442, 0.000798690901187954, -0.00142653958056632, 0.00219925612880695, -0.00187773468091931, -0.00355378278453044, 0.00793494817074188, 0.00305738858039128, -0.0303125045738921, -0.00140527664950745, 0.0647887323943658, -0.00306147161535139, -0.0484662155788246, -0.00242699110558505, -0.00255500781531796, -0.000604038282957146, -0.00137633418951161, -0.00639920874559986, -0.00193684636410068, 0.0178943370460592, -0.00397265394739282, -0.0278954190999845, -0.00126224895598032, -0.00374585264014752, 
-0.0053354312551316, -0.016550251696236, -0.0143626892443202, -0.0165004305296844, 0.00110420674715663, -0.0121170827001009, -0.0121170827001009, -0.00276833050774962, 0.0116425275212404, -0.0162966705924909)c(0.0536512501559379, 0.0128153947630482, 0.0157806482553884, 0.078223566088705, 0.0102379973954943, 0.105256867092313, 0.175076140936468, 0.0251838854213355, 0.0034704223303676, 0.0368571225282661, 1.35903502313913e-05, 2.08236710601094e-05, 0.00850688333551164, 0.00156097702484275, 0.00405677280010229, 0.028342469644603, 0.105173636640959, 0.0103943113382606, 0.00370776211526264, 0.177333989305047, 0.237002286698273, 0.000124084482473927, 0.00537903182157191, 0.133228106361825, 0.0240920203877311, 
0.0278915659367682, 0.00178924547199341, 1.92043602052861e-05, 0.0505503861304436, 0.0156493279635431, 0.0163715565716527, 0.0104590241215809, 0.0400499024063715, 0.00109165546451834, 0.230461832884142, 0.0173270084555216, 0.0742937631860275, 0.0105314180260626, 0.092137663865507, 0.0284039734071396, 0.00274039332209212, 0.00244386797253714, 0.000407212144657278, 0.0174506270403713, 0.321915200289812, 4.68940971654195e-05, 0.0340137610795646, 0.0540285414185632, 0.0613633215885441, 3.24029998264748e-05, 
0.0477157950675083, 0.000357088623074665, 0.000871999794303837, 0.00441338320581225, 0.0327963685464996, 0.0158055561091277, 0.0199062154712627, 0.14020765871241, 0.0414335322708497, 0.000188486034433545, 0.106333783630043, 0.0136453771175141, 0.0961044839605183, 0.05759727591188, 0.000719036530768162, 0.0108620848073535, 0.00167301643210643, 0.00171822943931058, 0.043113531287836, 0.0606529098773724, 0.00638182242197954, 0.0452442926005878, 0.00417928631051324, 0.0211964271376656, 0.0669941887083089, 
0.00724867965773883, 0.0334192850900968, 0.00752674467980476, 0.00020034306578648, 0.0222163144240954, 0.0263713533966223, 0.00760486387994375, 8.92170585268682e-05, 0.000159872660475357, 0.0263215165796715, 0.0557991303813769, 0.0135024410625798, 0.00625521189153376, 0.0209551969485605, 0.000238515928185623, 0.0926582527441342, 0.0535025297172303, 0.0969625831970093, 0.012830463719615, 0.034424796532274, 0.0385024772229634, 0.0375333370994057, 0.00941032249024574, 0.0015922436576202, 0.0242138750521694, 
0.0260353754296373, 0.084777755321805, 0.0546364363583819, 0.0442681082453889, 0.00667818323051774, 0.0299499402532192, 0.000146240476512806, 0.00184471027453408, 0.0132717646942563, 0.324280696133215, 0.009817433165969, 0.0535905984273473, 0.0462476715252855, 0.00709978754566004, 0.0020767109311405, 0.140601766707282, 0.28535536094173, 0.00804002373453965, 0.123468167999332, 0.229963393251046, 0.0968803477924853, 0.0033919512060138, 0.033655723177978, 0.0314328413693617, 0.0148924796469407, 0.0184096795597158, 
0.0109542398390971, 0.00243601727821471, 0.000690559815905552, 0.000436957131086137, 0.0336826552526432, 0.0609562660669684, 0.0256415761488114, 0.0645067346094762, 0.0259855145671472, 0.036426678929595, 0.00082222903840408, 0.00749975837509646, 0.0234744454707082, 0.00119058691022953, 0.149465709087153, 0.148784198376527, 0.00890835913487414, 0.000327758458557645, 0.00795891702670388, 0.00146754401861519, 0.00371909904123823, 0.201860505087867, 0.0925245903877446, 0.0999204577609474, 0.0346589518906142, 
0.0323700507213969, 0.0538502118294275, 0.0370585256632481, 0.102776331219022, 0.0233605165186523, 0.150120778450833, 0.000580984928752224, 0.148348367470682, 0.119822750667803, 0.150193054127445, 0.00761019519695269, 0.0210811614144314, 0.138791464358686, 0.00127960710941521, 0.0578006493465323, 0.000722017723873409, 0.0318256797681641, 0.000736863925156673, 0.0959509662117337, 0.0155099638363558, 0.0402478782454115, 0.114959216806883, 8.40695207878274e-05, 0.00344591649053572, 0.0152600533172129, 
0.0170283730831417, 3.33313050602276e-05, 0.0282297184743577, 0.0362283022554429, 0.0653214523595962, 0.0272038156849122, 0.0143550418788406, 0.0642851368225714, 0, 0.0808710248710696, 0.0464593823782474, 0.019717388286769, 0.00150719369347191, 0.045988859201613, 0.026990931533055, 0.00679496567497785, 0.0493892263729177, 0.0748335421151593, 0.014285388892446, 0.00220604615775428, 0.000785052052095777, 0.00934027166293036, 0.51075438392855, 0.00340000348566381, 0.0124693113981337, 0.00429058795856613, 
0.00497479327247331, 0.235208022609814, 0.0120731517034782, 0.0812171936645612, 0.0287029395812482, 0.0219751843332928, 0.0126904782588995, 0.0444050438899976, 0.0130676663750422, 0.00976500089296204, 0.0205237069739828, 0.0776851518477303, 0.0438801371537111, 0.00167480592930986, 0.0145447072772948, 0.00285081790941624, 1.85426287817609e-05, 0.0136542823897147, 0.0436765313011482, 0.00287325874423875, 0.0874532132727258, 0.00364956996621644, 0.018510656411232, 0.0646182223634067, 0.0027477986445733, 
0.0137300624941704, 0.0696842213937146, 0.085400171693118, 0.0632664823742316, 0.000440193902215283, 5.0994401139789e-05, 0.0179470929032136, 0.0232756332888512, 0.00412729166475159, 0.129759409907999, 0.0240340924414926, 0.0284558906500848, 0.000110656876785154, 0.00927700694504935, 0.0395953933941145, 0.0342763353303902, 0.00872456434226439, 0.0526394161637812, 0.00218236685410577, 0.079817839004336, 0.079817839004336, 0.0336161693923017, 0.0165670739867574, 0.0183382154480686)c(0.00136912008760095, 0.103073858591486, 0.0599923721680675, 0.00456799253265523, 0.0486369775013291, 0.0160799305846918, -0.00943173559416678, 0.0171295733517711, 0.013423538834249, 0.0966962564781592, 0.026820000097715, 0.0085240406576053, 0.00918318650185833, 0.00517215082026875, 0.01195596754115, 0.0242675740329759, 0.000422859097143715, 0.0148426501774029, 0.00965303110371654, 0.078874174091111, 0.136932040330306, 0.0507003986038168, 0.00884753712306327, 0.064044273654472, 0.0054954571231718, 
0.0272823542579584, 0.03160791793327, 0.041305215720744, 0.0216351255405929, 0.0324274413379403, 0.0262676075728426, 0.0384786758430843, 0.0391573666752738, 0.0190459794508555, 0.100305317851519, 0.173458977706927, 0.000904056560442674, 0.00835539700195619, 0.0120186350305729, 0.0134577133536533, 0.0163968354000091, 0.0147125997149494, 0.00559373178200863, 0.00673355931603375, 0.0289988204040544, 0.042036188012092, 0.106866200735386, 0.0109478606455364, 0.00299886941728443, 0.00257186849901996, 0.0902323147984499, 
0.00545070246109447, 0.00937674179080067, 0.0541173419941054, 0.0671982182584359, 0.013975053196025, 0.00655792818259923, 0.0455063075963197, 0.00884385072692316, 0.0287645128548063, 0.0615129374663378, 0.0636564567176574, 0.00783951670715288, 0.0103326190242339, 0.00942684586299027, 0.00804803245565323, 0.306076156724722, 0.00893606429247219, 0.0161991950035644, 0.00384766936147225, 0.0462719748029809, 0.0209381730843713, 0.0346258709728923, 0.0132162500327833, 0.0191022840129563, 0.00103125667405226, 
0.0121657260518736, 0.127473222637886, 0.0117087806254351, 0.00814223343603714, 0.0238300777585132, 0.050965138133366, 0.026882612148038, 0.0541073355876159, 0.0263221537128252, 0.0304280130582342, 0.0226565295412886, 0.0773150574574963, 0.0349175278113183, 0.0527414153973438, 0.00350303976239988, 0.0079851057560564, 0.188261131398062, 0.00558163233024145, 0.00340523588917398, 0.0102173606481791, 0.011200069693615, 0.0177783771548581, 0.0414317146471357, 0.051243944892488, 0.0114955805221749, 0.0202291992316796, 
0.0133724700600174, 0.00430363684291201, 0.0159975578548838, 0.0131059209483375, 0.0868065767880788, 0.006051200642088, 0.0152176579515371, 0.105782119772508, 0.0067980032585364, 0.0141810568918554, 0.033581764354699, 0.0508894901785878, 0.0340272107623855, 0.000541273679802112, 0.107347665207102, 0.0553495220040329, 0.0544166358956334, 0.0395536171223632, 0.113496240009903, 0.0435707256785842, 0.0161950505748015, 0.0230683108900172, 0.0062943617208453, 0.0963082350338137, 0.0314646065464745, 0.0393802334455434, 
0.0512194376502412, 0.0527834715357385, 0.0755685247922495, 0.0292507440864611, 0.0226340133193651, 0.0113185898766677, 0.0232988502049372, 0.10372092723691, 0.0151143646038866, 0.0177952595989609, 0.0841618049266166, 0.00391628116695804, 0.0719639703430594, 0.0320811554177754, 0.0127244380304061, 0.0524453950116023, 0.514889183337526, 0.0858032414930537, 0.043305643354636, -0.000429967584285911, 0.000319570109884779, 0.0140255281310959, 0.00259535624510426, 0.0103800466845741, 0.00446765021474466, 
0.0949105429451646, 0.137875615659914, 0.0247600287893457, 3.30288331777326e-06, 0.0744547677710159, 0.0159793100097681, 0.00133299529714054, 0.0228146653909638, 0.0126189932987998, 0.0438429556832761, 0.0262069373034089, 0.00860491394214541, 0.0545772768919733, 0.0377522521521831, 0.00471799264763303, 0.0671881631928076, 0.00233420523488685, 0.0624560889699158, 0.0126996395627209, 0.0709212678922366, 0.0197677519035568, 0.0124881347436514, 0.0210751692194579, 0.0323373284376461, 0.0457551629742876, 
0.0232980183927973, 0.0160105526578173, 0.00054775541254341, 0.0112282532853022, 0.00203964376533055, 0.00444491904829763, NA, 0.000468341237887747, 0.00974433554595885, 0.0204077500346369, 0.0513969617705775, 0.0037939151227171, 0.00831731658779634, 0.0172694713344182, 0.01183223087734, 0.00326905842261316, 0.160391766193617, 0.00603478428895327, 0.00386937259515775, 0.0128112770207303, 0.0467559872920028, 0.0571672766312179, 0.0119898114982288, 0.00231180997393362, 0.260875272465503, 0.00183067284537158, 
0.0246777008923874, 0.0153469959162359, 0.00943530247507833, 0.0278789790073413, 0.0373187125835572, 0.00396942639518873, 0.0118957724686299, 0.00415252868698786, 0.00346857298235647, 0.102596880351309, 0.00134482903780603, 0.00828018309380544, 0.00938430711960038, 0.00862712082205246, 0.0770492013004884, 0.00286272618684839, 0.0104298643236316, 0.0135498989053919, 0.000645997148534411, 0.0543168222615806, 0.0112021523786348, 0.0104872696387158, 0.00763540807685054, 0.770557706185532, 0.0018720323265385, 
0.089774622273413, 0.000931740810648619, 0.0878714690800129, 0.0303407925805292, 0.00228534469909122, 0.015465617914242, 0.00926605348330187, 0.0348479326897681, 0.00851618781103109, 0.0363603993453982, 0.0598766005841919, 0.0101763784848796, 0.00597290581414043, 0.0187996865159204, 0.0611637531742213, 0.00910861370354684, 0.00945698773383946, -0.00158712364330454, -0.00158712364330454, 0.00266185448198283, 0.0477379018790324, 0.0273244948418624)c(-0.005762254812572, -0.0528543457071458, -0.0961030678429363, -0.0111442046071245, -0.0286877487323742, -0.00242850434337722, -0.121303527116415, -0.043975821673763, -0.00942990473564101, -0.0293160492559529, -0.0272945347152429, -0.00835385267789803, -0.00557787165645327, -0.00621872540650286, -0.00874260484669685, -0.0536866865002808, -0.00529066952557462, -0.0223165581343518, -0.0132712537888763, -0.0115535111440746, -0.0151512114882106, -0.049009565807487, -0.0133956903051441, -0.00151923213889018, 
-0.013518488109839, -0.0683914190099016, -0.0398809840972572, -0.0421754287466985, -0.102790411588718, -0.0206739301691809, -0.0518239880088294, -0.0245450258605209, -0.0117428188675428, -0.0173187758636234, -0.02292933180783, -0.115126751246961, -0.00334284082572509, -0.00619817471981111, -0.000629150039952805, -0.0298015056081503, -0.0206930425755196, -0.0111009987530229, -0.00624698383630513, -0.0123546573302842, 0.00332255266297677, -0.0406006699237338, -0.0479710691215886, -0.0639580051021295, 
-0.0128658557042934, -0.00266006108778509, -0.0202960387196533, -0.00609699873809904, -0.00788883836412144, -0.0716095475364553, -0.0276127859946783, -0.0287877760076013, -0.0142187003096259, 0.00224539121929034, -0.0183472582990774, -0.0265818341336262, -0.01184953659683, -0.0950336102988551, -0.0620372957975846, -0.0398324973037371, -0.00815991862609329, -0.00472237136210361, -0.329866364812988, -0.00733077644782757, -0.00690238780120603, -0.0186159009312917, -0.0317435311676698, -0.0068711595342423, 
-0.0495275952241072, -0.0213796468450499, -0.0645280492557623, -0.00170210972581223, -0.039123845974216, -0.0771117028803042, -0.0109459548546691, -0.0178959626991879, -0.0652895755431202, -0.0754103447694497, -0.0282294869062687, -0.0562311933495185, -0.0626934810073405, -0.0570026648259768, -0.0439595538187115, -0.103527916373322, -0.0147242788876087, -0.0575571363499584, -0.0305316126223774, -0.0376280971955448, -0.0788317849764431, -0.0103799115883308, -0.0106693374248379, -0.00291214916499965, 
-0.03950294164112, -0.0312999029252488, -0.0345516570073362, -0.108188919415987, -0.0300725488987326, -0.00105062624098861, -0.0301493726529522, -0.0125067194860845, -0.0241854428140042, -0.0381448037202796, -0.0840248635291548, -0.00468452072341371, -0.00770346346586478, 0.0290530199153948, -0.0117607824148639, -0.0724591250737588, -0.0211068508615053, -0.0750326903683876, -0.0439130965510287, -0.066636281400427, 0.00070576745618247, -0.0855157689683798, -0.00739326637991233, -0.00476026142005241, 
-0.0212647156028265, -0.050999107696884, -0.0511290173743831, -0.00750147471927534, -0.012333809496421, -0.0616266586850954, -0.058112332989046, -0.0300076850584552, -0.044133979628023, -0.047076449265709, -0.0239221628304946, -0.00475798593850264, -0.0586987169143827, -0.00417605033052951, -0.062067993894676, -0.0812812880068008, -0.0167862367505359, -0.0217381180348234, -0.0403799937674673, -0.00479346513399014, -0.0252212465471171, -0.00712810530623919, -0.0180558731292655, -0.0565702340846821, 
-0.475469896730469, -0.103451755057867, -0.0584247036411949, -0.0447367915996615, -0.0033563837546721, -0.110213116899149, -0.00817220072480218, -0.0232230429372789, -0.0138812662880651, -0.0345154813907828, -0.0378782364797065, -0.0108065666733079, -0.023417839026079, -0.0821064116044579, 0.000291660559918258, -0.0131003801941228, -0.000546563604433451, -0.01847440172473, -0.0187396219437551, -0.00703414808541144, -0.0104713528558371, -0.012989046856597, -0.0435121735860725, -0.0156571178028411, 
-0.0588620267714419, -0.0122896501165527, -0.0371210578848183, -0.047611024238302, -0.00390424363071547, -0.0207841234898858, -0.00930364517164166, -0.0428149359817224, -0.0169169307673964, -0.044664311849151, -0.0478940559130519, -0.00479484035708434, -0.00358686742775603, -0.0277722076348544, -0.00362938383381071, -0.0283325270626147, NA, -0.00413686695318719, -0.0323409863194985, -0.0455167993084701, -0.0623824940784465, -0.0116972077883601, -0.015190361655829, -0.0107243539933829, -0.0384803956764856, 
-0.0103406171807655, -0.0959153123235004, -0.0078148178495644, -0.00332761550424054, -0.0074371021491995, 0.0101609330866817, -0.0756156052251087, -0.00620919027100642, -0.00342743234730753, -0.277801196821597, -0.136419957489752, -0.0460493132540669, -0.0955453358968331, -0.0290013645965336, -0.0162635024948152, -0.0214657458473913, -0.0101305430537767, -0.00687643637293934, -0.00724672100740748, -0.00827293691281541, -0.0265947438923616, -0.00547413899671536, -0.0104085147311035, -0.0142011976342572, 
-0.00656636015008362, -0.0754518194981125, -0.00571580534798103, -0.00603135206601775, -0.0173053682672305, -0.0077535627175953, -0.0384469259200969, -0.00508737521785229, -0.0711122787865, -0.0104459613758654, -0.640980241396801, -0.00799497555724128, -0.186707053431062, -0.00578572302181872, -0.0929814847106488, -0.0315488691464435, -0.00503801307811444, -0.0282640354054417, -0.0131397462115032, 0.000940741402350394, -0.0164614957058167, -0.0921512375453672, -0.0624010984961526, -0.0176680837651747, 
-0.0166437683244036, -0.0519001899083924, -0.0898891316628616, -0.0421094747629157, -0.0072485742395262, -0.0226470417568974, -0.0226470417568974, -0.00819851549748207, -0.0244528468365516, -0.0599178360268442)c(3.03950168184834e-06, 0.00147176152701721, 0.001355462541505, 1.27402989555516e-05, 0.000356241268153483, 1.98022254833845e-05, 0.000745673367195017, 0.000224980815110563, 3.18040125186692e-05, 0.000956780444677535, 0.000172594922654372, 1.65581625247453e-05, 1.30601339445349e-05, 7.61513448715356e-06, 2.53497331369621e-05, 0.000353228207676885, 1.93850021727748e-06, 7.82083349037143e-05, 3.14085180700333e-05, 0.000438013101603427, 0.00119362679610159, 0.000523573049348051, 2.98822774736635e-05, 
0.000254341332758241, 2.17285797365604e-05, 0.000545372519592858, 0.000307938243221271, 0.000410744486943515, 0.000937145748720829, 0.000155167717461145, 0.000363342365260899, 0.000229605572675336, 0.000155292820992368, 6.82444156337962e-05, 0.000713979125772531, 0.00438581049314126, 1.02928372284141e-06, 1.09306241388346e-05, 9.68315858682585e-06, 0.000108775982164625, 7.99625203499267e-05, 4.0335290724066e-05, 8.44777377421544e-06, 2.11790451495753e-05, 3.66750638873075e-05, 0.000406869408613728, 
0.00136817792732643, 0.000341672695058357, 1.48921605690113e-05, 1.66687256461062e-06, 0.000739495426156708, 8.12025547976497e-06, 1.81186651899522e-05, 0.000908203065338399, 0.000525146253613839, 0.000110184177729658, 2.57991857970848e-05, 0.000112765903324354, 4.01814532827861e-05, 0.000185814532565395, 0.000304837276103873, 0.0013685834532434, 0.000287783790642997, 0.000148321395882296, 1.85891168957461e-05, 9.6842568663595e-06, 0.0168864784061904, 1.55957615411793e-05, 2.99732953134588e-05, 3.01587555754362e-05, 
0.00035721128516461, 4.5388355219471e-05, 0.000426707613261149, 6.41111343345569e-05, 0.000399134459501277, 4.53207884958513e-07, 0.00015923782660431, 0.00253358425598457, 3.02494963451002e-05, 4.02604687776673e-05, 0.00048076746237742, 0.000928327725791646, 0.000181530563750971, 0.000641142461059711, 0.000470532499173399, 0.000373441132756859, 0.000267389632341972, 0.00181932533725271, 0.000148837801932822, 0.000736423622535287, 6.87859401981162e-05, 0.000125362462001249, 0.00348513175118717, 1.52708229798305e-05, 
1.19359461041831e-05, 1.04115433957857e-05, 0.000155616483798207, 0.000145803100855754, 0.000337287230875774, 0.0014849727192602, 0.000104113569647795, 2.757495047335e-05, 0.000101460926405275, 1.65088422135117e-05, 9.58830341370397e-05, 0.000158641975929157, 0.00146957281918041, 7.01844789730215e-06, 3.18023940444556e-05, 0.000350774207946564, 2.07007449940611e-05, 0.00045438794657344, 0.000133724069053648, 0.000926333242210793, 0.000366895442512404, 0.000267018280008282, 0.000609172098163283, 0.0011695213383565, 
0.000218025696948628, 0.000101341028122232, 0.00104340949568559, 0.000450360977822324, 0.000273752937885123, 5.65682673628909e-05, 2.07995093552016e-05, 0.00133610459687614, 0.000485713899474028, 0.000290104251426287, 0.000550377428536167, 0.000600853794890208, 0.000597837226303246, 7.00114254429356e-05, 0.000398581444148288, 1.32115230721809e-05, 0.000440145779905478, 0.00110998135504995, 5.66115215565349e-05, 7.34763690996322e-05, 0.000906135292082748, 4.61078485312294e-06, 0.000444038126526445, 
8.09612991926512e-05, 5.27051555421413e-05, 0.000682816726883101, 0.0242104696562563, 0.00211927500041774, 0.000612341450199828, 0.000112029606357431, 8.07599341075947e-07, 0.000905892625828133, 6.98587371214615e-06, 6.48761458230457e-05, 1.94623580233034e-05, 0.000987286908904743, 0.00167873251765588, 7.53688756445731e-05, 3.23307878422127e-05, 0.00139881325166471, 1.46141241229651e-05, 1.21090893990791e-05, 3.18826308863e-05, 5.58870128554213e-05, 0.000235989819093237, 5.70238022285534e-05, 2.19266936791874e-05, 
0.000271092572568818, 0.000395834450990293, 2.52800868076867e-05, 0.000940112042181049, 1.22871281035064e-05, 0.000565862516242704, 0.000220179209396216, 0.000332473035193964, 9.90850793122331e-05, 2.8199567497639e-05, 0.000245953824659429, 0.000142984097945316, 0.000469732469642928, 0.000289237676192804, 2.61438737410508e-05, 1.03249959080064e-06, 9.06247716713377e-05, 1.88616835633703e-06, 6.48885864481198e-05, NA, 1.27463370908879e-06, 0.000104798221553604, 0.000261204829273039, 0.000768749319068695, 
1.40841003721476e-05, 3.04095063930827e-05, 4.7436494510735e-05, 0.000148565268487231, 1.03039237190275e-05, 0.0037743991141679, 1.15574219396824e-05, 3.11306674308578e-06, 2.47039786589129e-05, 7.05253013328605e-05, 0.0010391645838782, 2.00485618824101e-05, 2.00580052778681e-06, 0.00716265195647965, 0.00105177812816964, 0.000301409559280028, 0.000727604938796057, 8.99642702634192e-05, 0.000107226809180431, 0.000203669125983497, 1.13456116204129e-05, 2.06820729736254e-05, 7.82958795833147e-06, 8.34518536654947e-06, 
0.000952489696223297, 2.81465649298824e-06, 2.10948369763498e-05, 3.02316706639947e-05, 1.37537782683444e-05, 0.00137606233651686, 4.45465418226942e-06, 1.32378759867509e-05, 5.56187726154362e-05, 4.25108152242985e-06, 0.000520888377887294, 1.59883391984288e-05, 0.000403054339791217, 1.99086246125383e-05, 0.0753810627851617, 5.68766132994521e-06, 0.00359378880217875, 2.72539065863705e-06, 0.00164704975318068, 0.000230792978401192, 3.23920618460379e-06, 0.000107399704919524, 3.0172254411308e-05, 6.92739587372895e-05, 
3.56037617807677e-05, 0.000983993788000495, 0.000846865908492283, 4.68269378847516e-05, 3.00206985379222e-05, 0.000296820811880727, 0.00130211582606195, 0.000158064050103075, 1.68931356977682e-05, 2.77485409982739e-05, 2.77485409982739e-05, 7.10682489592482e-06, 0.00030947112335305, 0.000458607226934002)c(30, 35, 17, 12, 29, 22, 29, 33, 38, 33, 26, 23, 31, 25, 27, 23, 28, 19, 30, 14, 12, 13, 34, 27, 32, 29, 33, 26, 35, 16, 29, 22, 31, 12, 9, 13, 20, 12, 35, 23, 23, 35, 33, 23, 17, 29, 20, 38, 27, 38, 35, 38, 37, 21, 24, 33, 30, 33, 15, 36, 19, 15, 26, 26, 32, 28, 7, 26, 18, 30, 25, 25, 33, 14, 20, 36, 35, 35, 26, 28, 35, 23, 30, 13, 28, 10, 33, 17, 34, 35, 28, 33, 10, 31, 33, 34, 35, 35, 24, 24, 33, 38, 14, 24, 28, 34, 11, 38, 35, 29, 32, 35, 8, 24, 34, 27, 14, 26, 20, 12, 21, 11, 34, 35, 31, 14, 
35, 33, 35, 33, 34, 35, 33, 16, 34, 5, 17, 9, 24, 37, 9, 13, 17, 21, 4, 27, 27, 20, 30, 25, 33, 21, 22, 26, 15, 29, 26, 20, 28, 23, 24, 22, 33, 12, 33, 28, 31, 38, 27, 21, 20, 35, 28, 33, 28, 33, 26, 21, 20, 34, 34, 29, 25, 34, 1, 32, 27, 32, 28, 25, 16, 35, 25, 17, 21, 33, 32, 33, 13, 26, 35, 38, 4, 16, 33, 27, 38, 16, 26, 20, 25, 33, 35, 20, 35, 34, 15, 29, 27, 35, 10, 24, 33, 35, 33, 35, 38, 6, 24, 9, 34, 11, 33, 34, 18, 32, 33, 20, 29, 19, 34, 25, 28, 20, 33, 35, 63, 63, 33, 28, 33)
DEBUG [2020-03-29 14:00:26] |IM HERE 1|
DEBUG [2020-03-29 14:00:26] |IM HERE 2|
DEBUG [2020-03-29 14:00:26] |FIND TEMP DATA|
DEBUG [2020-03-29 14:00:26] |BEFORE FOR LOOP|
DEBUG [2020-03-29 14:00:29] |RETURN|
DEBUG [2020-03-29 14:00:55] |IM HERE 1|
DEBUG [2020-03-29 14:00:55] |IM HERE 2|
DEBUG [2020-03-29 14:00:55] |FIND TEMP DATA|
DEBUG [2020-03-29 14:00:55] |BEFORE FOR LOOP|
DEBUG [2020-03-29 14:00:57] |RETURN|
DEBUG [2020-03-29 14:03:32] |IM HERE 1|
DEBUG [2020-03-29 14:03:32] |IM HERE 2|
DEBUG [2020-03-29 14:03:32] |FIND TEMP DATA|
DEBUG [2020-03-29 14:03:32] |BEFORE FOR LOOP|
DEBUG [2020-03-29 14:03:34] |RETURN|
DEBUG [2020-03-29 14:13:59] |IM HERE 1|
DEBUG [2020-03-29 14:13:59] |IM HERE 2|
DEBUG [2020-03-29 14:13:59] |FIND TEMP DATA|
DEBUG [2020-03-29 14:13:59] |BEFORE FOR LOOP|
DEBUG [2020-03-29 14:14:04] |RETURN|
DEBUG [2020-03-29 14:20:07] |IM HERE 1|
DEBUG [2020-03-29 14:20:07] |IM HERE 2|
DEBUG [2020-03-29 14:20:07] |FIND TEMP DATA|
DEBUG [2020-03-29 14:20:07] |BEFORE FOR LOOP|
DEBUG [2020-03-29 14:20:12] |RETURN|
