DEBUG [2020-03-19 23:16:01] |check city df ------  | 1 |
DEBUG [2020-03-19 23:16:01] |CANADA_DF | -30.2800704400266 ||CANADA_DF | 0.0263843802914345 |
DEBUG [2020-03-19 23:16:27] |TEMP_VAL 1| max_temp |
DEBUG [2020-03-19 23:16:29] |MONTH 1| Jan |
DEBUG [2020-03-19 23:16:29] |YEAR_TO_START 1| 1980 |
DEBUG [2020-03-19 23:16:29] RData does not exists
DEBUG [2020-03-19 23:16:34] |TEMP_VAL 1| max_temp |
DEBUG [2020-03-19 23:16:36] |MONTH 1| Jan |
DEBUG [2020-03-19 23:16:36] |YEAR_TO_START 1| 1980 |
DEBUG [2020-03-19 23:16:36] Rdata exists
DEBUG [2020-03-19 23:16:42] |check city df ------  | 1 |
DEBUG [2020-03-19 23:16:42] |CANADA_DF | -80.3244486562666 ||CANADA_DF | 0.0359931081185098 |
DEBUG [2020-03-19 23:17:11] |TEMP_VAL 1| max_temp |
DEBUG [2020-03-19 23:17:13] |MONTH 1| Jul |
DEBUG [2020-03-19 23:17:13] |YEAR_TO_START 1| 1980 |
DEBUG [2020-03-19 23:17:13] Rdata exists
DEBUG [2020-03-19 23:17:24] |TEMP_VAL 1| min_temp |
DEBUG [2020-03-19 23:17:25] |MONTH 1| Jul |
DEBUG [2020-03-19 23:17:25] |YEAR_TO_START 1| 1980 |
DEBUG [2020-03-19 23:17:25] Rdata exists
DEBUG [2020-03-19 23:17:50] |check city df ------  | 1 |
DEBUG [2020-03-19 23:17:50] |CANADA_DF | -37.5452261801268 ||CANADA_DF | 0.0242560365297147 |
DEBUG [2020-03-19 23:18:38] |check city df ------  | 1 |
DEBUG [2020-03-19 23:18:38] |CANADA_DF | -37.5452261801268 ||CANADA_DF | 0.0242560365297147 |
DEBUG [2020-03-19 23:20:35] |check city df ------  | 1 |
DEBUG [2020-03-19 23:20:35] |CANADA_DF | -37.5452261801268 ||CANADA_DF | 0.0242560365297147 |
DEBUG [2020-03-19 23:21:14] |TEMP_VAL 1| min_temp |
DEBUG [2020-03-19 23:21:15] |MONTH 1| Jan |
DEBUG [2020-03-19 23:21:15] |YEAR_TO_START 1| 1980 |
DEBUG [2020-03-19 23:21:15] Rdata exists
DEBUG [2020-03-19 23:23:29] |TEMP_VAL 1| min_temp |
DEBUG [2020-03-19 23:23:31] |MONTH 1| Jan |
DEBUG [2020-03-19 23:23:31] |YEAR_TO_START 1| 1980 |
DEBUG [2020-03-19 23:23:31] Rdata exists
DEBUG [2020-03-19 23:23:31] |check city df ------  | 1 |
DEBUG [2020-03-19 23:23:31] |CANADA_DF | -147.619181460903 ||CANADA_DF | 0.065139692178107 |
DEBUG [2020-03-19 23:23:45] |TEMP_VAL 1| max_temp |
DEBUG [2020-03-19 23:23:47] |MONTH 1| Jul |
DEBUG [2020-03-19 23:23:47] |YEAR_TO_START 1| 1980 |
DEBUG [2020-03-19 23:23:47] Rdata exists
DEBUG [2020-03-19 23:23:47] |check city df ------  | 1 |
DEBUG [2020-03-19 23:23:48] |CANADA_DF | -30.2800704400266 ||CANADA_DF | 0.0263843802914345 |
DEBUG [2020-03-19 23:25:12] |TEMP_VAL 1| min_temp |
DEBUG [2020-03-19 23:25:13] |MONTH 1| Jan |
DEBUG [2020-03-19 23:25:13] |YEAR_TO_START 1| 1980 |
DEBUG [2020-03-19 23:25:13] Rdata exists
DEBUG [2020-03-19 23:25:13] |check city df ------  | 1 |
DEBUG [2020-03-19 23:25:13] |CANADA_DF | -147.619181460903 ||CANADA_DF | 0.065139692178107 |
DEBUG [2020-03-19 23:25:21] |TEMP_VAL 1| min_temp |
DEBUG [2020-03-19 23:25:22] |MONTH 1| Jul |
DEBUG [2020-03-19 23:25:22] |YEAR_TO_START 1| 1980 |
DEBUG [2020-03-19 23:25:22] Rdata exists
DEBUG [2020-03-19 23:25:22] |check city df ------  | 1 |
DEBUG [2020-03-19 23:25:22] |CANADA_DF | -37.5452261801268 ||CANADA_DF | 0.0242560365297147 |
